<?xml version="1.0" encoding="UTF-8"?>
<!-- Generated by org.testng.reporters.JUnitReportReporter -->
<testsuite hostname="LAPTOP-VJHKAPE5" failures="0" tests="1" name="com.supermarket.tests.PushNotificationsTest" time="9.410" errors="0" timestamp="2022-11-28T21:39:24 IST" skipped="0">
  <testcase classname="com.supermarket.tests.PushNotificationsTest" name="verifyResetButtonFunctionality" time="9.410"/>
  <system-out/>
</testsuite> <!-- com.supermarket.tests.PushNotificationsTest -->
