<?xml version="1.0" encoding="UTF-8"?>
<!-- Generated by org.testng.reporters.JUnitReportReporter -->
<testsuite hostname="LAPTOP-VJHKAPE5" failures="0" tests="1" name="com.supermarket.tests.LoginTest" time="17.112" errors="0" timestamp="2022-11-28T20:25:47 IST" skipped="0">
  <testcase classname="com.supermarket.tests.LoginTest" name="verifyStaffLoginFunctionality" time="17.112"/>
  <system-out/>
</testsuite> <!-- com.supermarket.tests.LoginTest -->
