<?xml version="1.0" encoding="UTF-8"?>
<!-- Generated by org.testng.reporters.JUnitReportReporter -->
<testsuite hostname="LAPTOP-VJHKAPE5" failures="0" tests="1" name="com.supermarket.tests.ManageCategoryTest" time="12.577" errors="0" timestamp="2022-11-30T20:06:27 IST" skipped="0">
  <testcase classname="com.supermarket.tests.ManageCategoryTest" name="verifyManageCategoryEditButtonFunctionality" time="12.577"/>
  <system-out/>
</testsuite> <!-- com.supermarket.tests.ManageCategoryTest -->
